<?xml version="1.0" encoding="UTF-8"?>
<testsuite xmlns:xsi="http://www.w3.org/2001/XMLSchema-instance" xsi:noNamespaceSchemaLocation="https://maven.apache.org/surefire/maven-surefire-plugin/xsd/surefire-test-report.xsd" name="BlockudokuTest" time="0.421" tests="1" errors="0" skipped="0" failures="0">
  <properties>
    <property name="sun.desktop" value="gnome"/>
    <property name="awt.toolkit" value="sun.awt.X11.XToolkit"/>
    <property name="java.specification.version" value="11"/>
    <property name="sun.cpu.isalist" value=""/>
    <property name="sun.jnu.encoding" value="UTF-8"/>
    <property name="java.class.path" value="/home/fabrizio/Documents/final-exam-fabriziofranco/target/test-classes:/home/fabrizio/Documents/final-exam-fabriziofranco/target/classes:/home/fabrizio/.m2/repository/org/apache/maven/plugins/maven-compiler-plugin/3.8.1/maven-compiler-plugin-3.8.1.jar:/home/fabrizio/.m2/repository/org/apache/maven/maven-plugin-api/3.0/maven-plugin-api-3.0.jar:/home/fabrizio/.m2/repository/org/apache/maven/maven-model/3.0/maven-model-3.0.jar:/home/fabrizio/.m2/repository/org/sonatype/sisu/sisu-inject-plexus/1.4.2/sisu-inject-plexus-1.4.2.jar:/home/fabrizio/.m2/repository/org/sonatype/sisu/sisu-inject-bean/1.4.2/sisu-inject-bean-1.4.2.jar:/home/fabrizio/.m2/repository/org/sonatype/sisu/sisu-guice/2.1.7/sisu-guice-2.1.7-noaop.jar:/home/fabrizio/.m2/repository/org/apache/maven/maven-artifact/3.0/maven-artifact-3.0.jar:/home/fabrizio/.m2/repository/org/codehaus/plexus/plexus-utils/2.0.4/plexus-utils-2.0.4.jar:/home/fabrizio/.m2/repository/org/apache/maven/maven-core/3.0/maven-core-3.0.jar:/home/fabrizio/.m2/repository/org/apache/maven/maven-settings/3.0/maven-settings-3.0.jar:/home/fabrizio/.m2/repository/org/apache/maven/maven-settings-builder/3.0/maven-settings-builder-3.0.jar:/home/fabrizio/.m2/repository/org/apache/maven/maven-repository-metadata/3.0/maven-repository-metadata-3.0.jar:/home/fabrizio/.m2/repository/org/apache/maven/maven-model-builder/3.0/maven-model-builder-3.0.jar:/home/fabrizio/.m2/repository/org/apache/maven/maven-aether-provider/3.0/maven-aether-provider-3.0.jar:/home/fabrizio/.m2/repository/org/sonatype/aether/aether-impl/1.7/aether-impl-1.7.jar:/home/fabrizio/.m2/repository/org/sonatype/aether/aether-spi/1.7/aether-spi-1.7.jar:/home/fabrizio/.m2/repository/org/sonatype/aether/aether-api/1.7/aether-api-1.7.jar:/home/fabrizio/.m2/repository/org/sonatype/aether/aether-util/1.7/aether-util-1.7.jar:/home/fabrizio/.m2/repository/org/codehaus/plexus/plexus-interpolation/1.14/plexus-interpolation-1.14.jar:/home/fabrizio/.m2/repository/org/codehaus/plexus/plexus-classworlds/2.2.3/plexus-classworlds-2.2.3.jar:/home/fabrizio/.m2/repository/org/codehaus/plexus/plexus-component-annotations/1.5.5/plexus-component-annotations-1.5.5.jar:/home/fabrizio/.m2/repository/org/sonatype/plexus/plexus-sec-dispatcher/1.3/plexus-sec-dispatcher-1.3.jar:/home/fabrizio/.m2/repository/org/sonatype/plexus/plexus-cipher/1.4/plexus-cipher-1.4.jar:/home/fabrizio/.m2/repository/org/apache/maven/shared/maven-shared-utils/3.2.1/maven-shared-utils-3.2.1.jar:/home/fabrizio/.m2/repository/commons-io/commons-io/2.5/commons-io-2.5.jar:/home/fabrizio/.m2/repository/org/apache/maven/shared/maven-shared-incremental/1.1/maven-shared-incremental-1.1.jar:/home/fabrizio/.m2/repository/org/codehaus/plexus/plexus-java/0.9.10/plexus-java-0.9.10.jar:/home/fabrizio/.m2/repository/org/ow2/asm/asm/6.2/asm-6.2.jar:/home/fabrizio/.m2/repository/com/thoughtworks/qdox/qdox/2.0-M8/qdox-2.0-M8.jar:/home/fabrizio/.m2/repository/org/codehaus/plexus/plexus-compiler-api/2.8.4/plexus-compiler-api-2.8.4.jar:/home/fabrizio/.m2/repository/org/codehaus/plexus/plexus-compiler-manager/2.8.4/plexus-compiler-manager-2.8.4.jar:/home/fabrizio/.m2/repository/org/codehaus/plexus/plexus-compiler-javac/2.8.4/plexus-compiler-javac-2.8.4.jar:/home/fabrizio/.m2/repository/org/testng/testng/7.3.0/testng-7.3.0.jar:/home/fabrizio/.m2/repository/com/beust/jcommander/1.78/jcommander-1.78.jar:/home/fabrizio/.m2/repository/org/apache/ant/ant/1.10.3/ant-1.10.3.jar:/home/fabrizio/.m2/repository/org/apache/ant/ant-launcher/1.10.3/ant-launcher-1.10.3.jar:/home/fabrizio/.m2/repository/junit/junit/4.12/junit-4.12.jar:/home/fabrizio/.m2/repository/org/hamcrest/hamcrest-core/1.3/hamcrest-core-1.3.jar:/home/fabrizio/.m2/repository/com/google/inject/guice/4.2.2/guice-4.2.2-no_aop.jar:/home/fabrizio/.m2/repository/javax/inject/javax.inject/1/javax.inject-1.jar:/home/fabrizio/.m2/repository/aopalliance/aopalliance/1.0/aopalliance-1.0.jar:/home/fabrizio/.m2/repository/com/google/guava/guava/25.1-android/guava-25.1-android.jar:/home/fabrizio/.m2/repository/com/google/code/findbugs/jsr305/3.0.2/jsr305-3.0.2.jar:/home/fabrizio/.m2/repository/org/checkerframework/checker-compat-qual/2.0.0/checker-compat-qual-2.0.0.jar:/home/fabrizio/.m2/repository/com/google/errorprone/error_prone_annotations/2.1.3/error_prone_annotations-2.1.3.jar:/home/fabrizio/.m2/repository/com/google/j2objc/j2objc-annotations/1.1/j2objc-annotations-1.1.jar:/home/fabrizio/.m2/repository/org/codehaus/mojo/animal-sniffer-annotations/1.14/animal-sniffer-annotations-1.14.jar:/home/fabrizio/.m2/repository/org/yaml/snakeyaml/1.21/snakeyaml-1.21.jar:/home/fabrizio/.m2/repository/org/apache/logging/log4j/log4j-api/2.13.3/log4j-api-2.13.3.jar:/home/fabrizio/.m2/repository/org/apache/logging/log4j/log4j-core/2.13.3/log4j-core-2.13.3.jar:"/>
    <property name="java.vm.vendor" value="Ubuntu"/>
    <property name="sun.arch.data.model" value="64"/>
    <property name="java.vendor.url" value="https://ubuntu.com/"/>
    <property name="user.timezone" value=""/>
    <property name="java.vm.specification.version" value="11"/>
    <property name="os.name" value="Linux"/>
    <property name="sun.java.launcher" value="SUN_STANDARD"/>
    <property name="user.country" value="US"/>
    <property name="sun.boot.library.path" value="/usr/lib/jvm/java-11-openjdk-amd64/lib"/>
    <property name="sun.java.command" value="/home/fabrizio/Documents/final-exam-fabriziofranco/target/surefire/surefirebooter17989849437112123808.jar /home/fabrizio/Documents/final-exam-fabriziofranco/target/surefire 2020-12-23T11-44-50_275-jvmRun1 surefire15421731615191313426tmp surefire_013657636501544257790tmp"/>
    <property name="jdk.debug" value="release"/>
    <property name="surefire.test.class.path" value="/home/fabrizio/Documents/final-exam-fabriziofranco/target/test-classes:/home/fabrizio/Documents/final-exam-fabriziofranco/target/classes:/home/fabrizio/.m2/repository/org/apache/maven/plugins/maven-compiler-plugin/3.8.1/maven-compiler-plugin-3.8.1.jar:/home/fabrizio/.m2/repository/org/apache/maven/maven-plugin-api/3.0/maven-plugin-api-3.0.jar:/home/fabrizio/.m2/repository/org/apache/maven/maven-model/3.0/maven-model-3.0.jar:/home/fabrizio/.m2/repository/org/sonatype/sisu/sisu-inject-plexus/1.4.2/sisu-inject-plexus-1.4.2.jar:/home/fabrizio/.m2/repository/org/sonatype/sisu/sisu-inject-bean/1.4.2/sisu-inject-bean-1.4.2.jar:/home/fabrizio/.m2/repository/org/sonatype/sisu/sisu-guice/2.1.7/sisu-guice-2.1.7-noaop.jar:/home/fabrizio/.m2/repository/org/apache/maven/maven-artifact/3.0/maven-artifact-3.0.jar:/home/fabrizio/.m2/repository/org/codehaus/plexus/plexus-utils/2.0.4/plexus-utils-2.0.4.jar:/home/fabrizio/.m2/repository/org/apache/maven/maven-core/3.0/maven-core-3.0.jar:/home/fabrizio/.m2/repository/org/apache/maven/maven-settings/3.0/maven-settings-3.0.jar:/home/fabrizio/.m2/repository/org/apache/maven/maven-settings-builder/3.0/maven-settings-builder-3.0.jar:/home/fabrizio/.m2/repository/org/apache/maven/maven-repository-metadata/3.0/maven-repository-metadata-3.0.jar:/home/fabrizio/.m2/repository/org/apache/maven/maven-model-builder/3.0/maven-model-builder-3.0.jar:/home/fabrizio/.m2/repository/org/apache/maven/maven-aether-provider/3.0/maven-aether-provider-3.0.jar:/home/fabrizio/.m2/repository/org/sonatype/aether/aether-impl/1.7/aether-impl-1.7.jar:/home/fabrizio/.m2/repository/org/sonatype/aether/aether-spi/1.7/aether-spi-1.7.jar:/home/fabrizio/.m2/repository/org/sonatype/aether/aether-api/1.7/aether-api-1.7.jar:/home/fabrizio/.m2/repository/org/sonatype/aether/aether-util/1.7/aether-util-1.7.jar:/home/fabrizio/.m2/repository/org/codehaus/plexus/plexus-interpolation/1.14/plexus-interpolation-1.14.jar:/home/fabrizio/.m2/repository/org/codehaus/plexus/plexus-classworlds/2.2.3/plexus-classworlds-2.2.3.jar:/home/fabrizio/.m2/repository/org/codehaus/plexus/plexus-component-annotations/1.5.5/plexus-component-annotations-1.5.5.jar:/home/fabrizio/.m2/repository/org/sonatype/plexus/plexus-sec-dispatcher/1.3/plexus-sec-dispatcher-1.3.jar:/home/fabrizio/.m2/repository/org/sonatype/plexus/plexus-cipher/1.4/plexus-cipher-1.4.jar:/home/fabrizio/.m2/repository/org/apache/maven/shared/maven-shared-utils/3.2.1/maven-shared-utils-3.2.1.jar:/home/fabrizio/.m2/repository/commons-io/commons-io/2.5/commons-io-2.5.jar:/home/fabrizio/.m2/repository/org/apache/maven/shared/maven-shared-incremental/1.1/maven-shared-incremental-1.1.jar:/home/fabrizio/.m2/repository/org/codehaus/plexus/plexus-java/0.9.10/plexus-java-0.9.10.jar:/home/fabrizio/.m2/repository/org/ow2/asm/asm/6.2/asm-6.2.jar:/home/fabrizio/.m2/repository/com/thoughtworks/qdox/qdox/2.0-M8/qdox-2.0-M8.jar:/home/fabrizio/.m2/repository/org/codehaus/plexus/plexus-compiler-api/2.8.4/plexus-compiler-api-2.8.4.jar:/home/fabrizio/.m2/repository/org/codehaus/plexus/plexus-compiler-manager/2.8.4/plexus-compiler-manager-2.8.4.jar:/home/fabrizio/.m2/repository/org/codehaus/plexus/plexus-compiler-javac/2.8.4/plexus-compiler-javac-2.8.4.jar:/home/fabrizio/.m2/repository/org/testng/testng/7.3.0/testng-7.3.0.jar:/home/fabrizio/.m2/repository/com/beust/jcommander/1.78/jcommander-1.78.jar:/home/fabrizio/.m2/repository/org/apache/ant/ant/1.10.3/ant-1.10.3.jar:/home/fabrizio/.m2/repository/org/apache/ant/ant-launcher/1.10.3/ant-launcher-1.10.3.jar:/home/fabrizio/.m2/repository/junit/junit/4.12/junit-4.12.jar:/home/fabrizio/.m2/repository/org/hamcrest/hamcrest-core/1.3/hamcrest-core-1.3.jar:/home/fabrizio/.m2/repository/com/google/inject/guice/4.2.2/guice-4.2.2-no_aop.jar:/home/fabrizio/.m2/repository/javax/inject/javax.inject/1/javax.inject-1.jar:/home/fabrizio/.m2/repository/aopalliance/aopalliance/1.0/aopalliance-1.0.jar:/home/fabrizio/.m2/repository/com/google/guava/guava/25.1-android/guava-25.1-android.jar:/home/fabrizio/.m2/repository/com/google/code/findbugs/jsr305/3.0.2/jsr305-3.0.2.jar:/home/fabrizio/.m2/repository/org/checkerframework/checker-compat-qual/2.0.0/checker-compat-qual-2.0.0.jar:/home/fabrizio/.m2/repository/com/google/errorprone/error_prone_annotations/2.1.3/error_prone_annotations-2.1.3.jar:/home/fabrizio/.m2/repository/com/google/j2objc/j2objc-annotations/1.1/j2objc-annotations-1.1.jar:/home/fabrizio/.m2/repository/org/codehaus/mojo/animal-sniffer-annotations/1.14/animal-sniffer-annotations-1.14.jar:/home/fabrizio/.m2/repository/org/yaml/snakeyaml/1.21/snakeyaml-1.21.jar:/home/fabrizio/.m2/repository/org/apache/logging/log4j/log4j-api/2.13.3/log4j-api-2.13.3.jar:/home/fabrizio/.m2/repository/org/apache/logging/log4j/log4j-core/2.13.3/log4j-core-2.13.3.jar:"/>
    <property name="sun.cpu.endian" value="little"/>
    <property name="user.home" value="/home/fabrizio"/>
    <property name="user.language" value="en"/>
    <property name="java.specification.vendor" value="Oracle Corporation"/>
    <property name="java.version.date" value="2020-11-04"/>
    <property name="java.home" value="/usr/lib/jvm/java-11-openjdk-amd64"/>
    <property name="file.separator" value="/"/>
    <property name="basedir" value="/home/fabrizio/Documents/final-exam-fabriziofranco"/>
    <property name="java.vm.compressedOopsMode" value="Zero based"/>
    <property name="line.separator" value="&#10;"/>
    <property name="java.specification.name" value="Java Platform API Specification"/>
    <property name="java.vm.specification.vendor" value="Oracle Corporation"/>
    <property name="java.awt.graphicsenv" value="sun.awt.X11GraphicsEnvironment"/>
    <property name="surefire.real.class.path" value="/home/fabrizio/Documents/final-exam-fabriziofranco/target/surefire/surefirebooter17989849437112123808.jar"/>
    <property name="sun.management.compiler" value="HotSpot 64-Bit Tiered Compilers"/>
    <property name="java.runtime.version" value="11.0.9.1+1-Ubuntu-0ubuntu1.20.04"/>
    <property name="user.name" value="fabrizio"/>
    <property name="path.separator" value=":"/>
    <property name="os.version" value="5.4.0-58-generic"/>
    <property name="java.runtime.name" value="OpenJDK Runtime Environment"/>
    <property name="file.encoding" value="UTF-8"/>
    <property name="java.vm.name" value="OpenJDK 64-Bit Server VM"/>
    <property name="localRepository" value="/home/fabrizio/.m2/repository"/>
    <property name="java.vendor.url.bug" value="https://bugs.launchpad.net/ubuntu/+source/openjdk-lts"/>
    <property name="java.io.tmpdir" value="/tmp"/>
    <property name="java.version" value="11.0.9.1"/>
    <property name="user.dir" value="/home/fabrizio/Documents/final-exam-fabriziofranco"/>
    <property name="os.arch" value="amd64"/>
    <property name="java.vm.specification.name" value="Java Virtual Machine Specification"/>
    <property name="java.awt.printerjob" value="sun.print.PSPrinterJob"/>
    <property name="sun.os.patch.level" value="unknown"/>
    <property name="java.library.path" value="/usr/java/packages/lib:/usr/lib/x86_64-linux-gnu/jni:/lib/x86_64-linux-gnu:/usr/lib/x86_64-linux-gnu:/usr/lib/jni:/lib:/usr/lib"/>
    <property name="java.vm.info" value="mixed mode, sharing"/>
    <property name="java.vendor" value="Ubuntu"/>
    <property name="java.vm.version" value="11.0.9.1+1-Ubuntu-0ubuntu1.20.04"/>
    <property name="sun.io.unicode.encoding" value="UnicodeLittle"/>
    <property name="java.class.version" value="55.0"/>
  </properties>
  <testcase name="testCase0" classname="BlockudokuTest" time="0.025"/>
</testsuite>