<?xml version="1.0" encoding="UTF-8"?>
<!-- Generated by org.testng.reporters.JUnitReportReporter -->
<testsuite hostname="fabrizio-P65" failures="0" tests="1" name="BlockudokuTest" time="0.047" errors="0" timestamp="2020-12-23T13:52:36 PET" skipped="0">
  <testcase classname="BlockudokuTest" name="testCase0" time="0.047"/>
  <system-out/>
</testsuite> <!-- BlockudokuTest -->
