<?xml version="1.0" encoding="UTF-8"?>
<!-- Generated by org.testng.reporters.JUnitReportReporter -->
<testsuite hostname="fabrizio-P65" failures="0" tests="2" name="BlockudokuTest" time="0.078" errors="0" timestamp="2020-12-23T15:06:47 PET" skipped="0">
  <testcase classname="BlockudokuTest" name="test1" time="0.071"/>
  <system-out/>
  <testcase classname="BlockudokuTest" name="testCase0" time="0.007"/>
  <system-out/>
</testsuite> <!-- BlockudokuTest -->
